c:\users\lenovo\source\repos\pea1\pea1\debug\pea1.pch
c:\users\lenovo\source\repos\pea1\pea1\debug\vc141.pdb
c:\users\lenovo\source\repos\pea1\pea1\debug\vc141.idb
c:\users\lenovo\source\repos\pea1\pea1\debug\pch.obj
c:\users\lenovo\source\repos\pea1\pea1\debug\tsp.obj
c:\users\lenovo\source\repos\pea1\pea1\debug\pea1.obj
c:\users\lenovo\source\repos\pea1\pea1\debug\bruteforce.obj
c:\users\lenovo\source\repos\pea1\pea1\debug\matrix.obj
c:\users\lenovo\source\repos\pea1\pea1\debug\library.obj
c:\users\lenovo\source\repos\pea1.3\pea1\debug\pea1.pch
c:\users\lenovo\source\repos\pea1.3\pea1\debug\vc141.pdb
c:\users\lenovo\source\repos\pea1.3\pea1\debug\vc141.idb
c:\users\lenovo\source\repos\pea1.3\pea1\debug\pch.obj
c:\users\lenovo\source\repos\pea1.3\pea1\debug\programowaniedynamiczne.obj
c:\users\lenovo\source\repos\pea1.3\pea1\debug\pea1.obj
c:\users\lenovo\source\repos\pea1.3\pea1\debug\matrix.obj
c:\users\lenovo\source\repos\pea1.3\pea1\debug\library.obj
c:\users\lenovo\source\repos\pea1.3\pea1\debug\dynamicprogramming.obj
c:\users\lenovo\source\repos\pea1.3\pea1\debug\bruteforce.obj
c:\users\lenovo\source\repos\pea1\debug\pea1.exe
c:\users\lenovo\source\repos\pea1\debug\pea1.ilk
c:\users\lenovo\source\repos\pea1\debug\pea1.pdb
c:\users\lenovo\source\repos\pea1.3\debug\pea1.exe
c:\users\lenovo\source\repos\pea1.3\debug\pea1.ilk
c:\users\lenovo\source\repos\pea1.3\debug\pea1.pdb
c:\users\lenovo\source\repos\pea1.3\pea1\debug\tsp.obj
c:\users\lenovo\source\repos\pea1.3\pea1\debug\pea1.tlog\cl.command.1.tlog
c:\users\lenovo\source\repos\pea1.3\pea1\debug\pea1.tlog\cl.read.1.tlog
c:\users\lenovo\source\repos\pea1.3\pea1\debug\pea1.tlog\cl.write.1.tlog
c:\users\lenovo\source\repos\pea1.3\pea1\debug\pea1.tlog\link.command.1.tlog
c:\users\lenovo\source\repos\pea1.3\pea1\debug\pea1.tlog\link.read.1.tlog
c:\users\lenovo\source\repos\pea1.3\pea1\debug\pea1.tlog\link.write.1.tlog
